<?xml version="1.0" encoding="UTF-8"?>
<!-- Generated by org.testng.reporters.JUnitReportReporter -->
<testsuite hostname="DESKTOP-PG7NEKE" failures="0" tests="1" name="Selenium.ThroneRecliner" time="15.023" errors="0" timestamp="2023-04-25T11:58:29 IST" skipped="0">
  <testcase classname="Selenium.ThroneRecliner" name="automation3" time="15.023"/>
  <system-out/>
</testsuite> <!-- Selenium.ThroneRecliner -->
