<?xml version="1.0" encoding="UTF-8"?>
<!-- Generated by org.testng.reporters.JUnitReportReporter -->
<testsuite hostname="DESKTOP-PG7NEKE" failures="0" tests="1" name="Selenium.ClickandHold" time="6.880" errors="0" timestamp="2023-04-25T11:28:58 IST" skipped="0">
  <testcase classname="Selenium.ClickandHold" name="second" time="6.880"/>
  <system-out/>
</testsuite> <!-- Selenium.ClickandHold -->
